<?xml version="1.0" encoding="UTF-8"?>
<!-- Generated by org.testng.reporters.JUnitXMLReporter -->
<testsuite hostname="IN-GTC-1402" ignored="0" name="QLM Application Test Case3" tests="2" failures="0" timestamp="29 Jan 2020 09:48:42 GMT" time="164.334" errors="0">
  <testcase name="validateAuditTemplateAmendPageTest" time="0.015" classname="com.qlm.qa.testcases.AuditTemplateAmendPageTest"/>
  <testcase name="validateSubmitAuditTemplateTest" time="2.637" classname="com.qlm.qa.testcases.AuditTemplateAmendPageTest"/>
</testsuite> <!-- QLM Application Test Case3 -->
