<?xml version="1.0" encoding="UTF-8"?>
<!-- Generated by org.testng.reporters.JUnitXMLReporter -->
<testsuite hostname="IN-GTC-1402" ignored="0" name="QLM Application Test Case1" tests="2" failures="0" timestamp="09 Apr 2020 07:02:35 GMT" time="88.495" errors="0">
  <testcase name="validateAuditTemplateIndexPageTitleTest" time="0.038" classname="com.qlm.qa.testcases.AuditTemplateIndexPageTest"/>
  <testcase name="validateCreateNewAuditTemplateBtnTest" time="5.847" classname="com.qlm.qa.testcases.AuditTemplateIndexPageTest"/>
</testsuite> <!-- QLM Application Test Case1 -->
