<?xml version="1.0" encoding="UTF-8"?>
<!-- Generated by org.testng.reporters.JUnitXMLReporter -->
<testsuite hostname="IN-GTC-1402" ignored="0" name="QLM Application Test Case1" tests="2" failures="0" timestamp="29 Jan 2020 09:42:13 GMT" time="114.139" errors="0">
  <testcase name="validateAuditTemplateIndexPageTitleTest" time="0.037" classname="com.qlm.qa.testcases.AuditTemplateIndexPageTest"/>
  <testcase name="validateCreateNewAuditTemplateBtnTest" time="7.592" classname="com.qlm.qa.testcases.AuditTemplateIndexPageTest"/>
</testsuite> <!-- QLM Application Test Case1 -->
