<?xml version="1.0" encoding="UTF-8"?>
<!-- Generated by org.testng.reporters.JUnitXMLReporter -->
<testsuite hostname="IN-GTC-1402" ignored="0" name="QLM Application Test Cases" tests="6" failures="0" timestamp="22 Nov 2019 14:15:35 GMT" time="128.5" errors="0">
  <testcase name="loginPageTitleTest" time="0.023" classname="com.qlm.qa.testcases.LoginPageTest"/>
  <testcase name="homePageTitleTest" time="0.01" classname="com.qlm.qa.testcases.HomePageTest"/>
  <testcase name="empowerLogoTest" time="0.039" classname="com.qlm.qa.testcases.LoginPageTest"/>
  <testcase name="verifyUserNameTest" time="0.033" classname="com.qlm.qa.testcases.HomePageTest"/>
  <testcase name="loginTest" time="16.411" classname="com.qlm.qa.testcases.LoginPageTest"/>
  <testcase name="clickOnPPAPTemplateTest" time="6.782" classname="com.qlm.qa.testcases.HomePageTest"/>
</testsuite> <!-- QLM Application Test Cases -->
