<?xml version="1.0" encoding="UTF-8"?>
<!-- Generated by org.testng.reporters.JUnitXMLReporter -->
<testsuite hostname="IN-GTC-1402" ignored="0" name="QLM Audit Test Case2" tests="2" failures="0" timestamp="20 Feb 2020 11:22:35 GMT" time="100.286" errors="0">
  <testcase name="validateExternalDocumentUploadPageTitleTest" time="0.01" classname="com.qlm.qa.testcases.ExternalDocumentUploadPageTest"/>
  <testcase name="validateAuditorDocUploadTest" time="4.074" classname="com.qlm.qa.testcases.ExternalDocumentUploadPageTest"/>
</testsuite> <!-- QLM Audit Test Case2 -->
