<?xml version="1.0" encoding="UTF-8"?>
<!-- Generated by org.testng.reporters.JUnitXMLReporter -->
<testsuite hostname="IN-GTC-1402" ignored="0" name="QLM Application Test Case2" tests="2" failures="0" timestamp="29 Jan 2020 09:45:57 GMT" time="224.391" errors="0">
  <testcase name="validateAuditTemplateCreatePageTitleTest" time="0.026" classname="com.qlm.qa.testcases.AuditTemplateCreatePageTest"/>
  <testcase name="createAuditTemplateTest" time="14.555" classname="com.qlm.qa.testcases.AuditTemplateCreatePageTest"/>
</testsuite> <!-- QLM Application Test Case2 -->
