<?xml version="1.0" encoding="UTF-8"?>
<!-- Generated by org.testng.reporters.JUnitXMLReporter -->
<testsuite hostname="IN-GTC-1402" ignored="0" name="QLM Audit Test Case3" tests="2" failures="0" timestamp="11 Feb 2020 13:41:04 GMT" time="210.354" errors="0">
  <testcase name="validateSelfAuditPageTitleTest" time="0.013" classname="com.qlm.qa.testcases.SelfAuditPageTest"/>
  <testcase name="validateSelfAuditResponseSubmitTest" time="125.31" classname="com.qlm.qa.testcases.SelfAuditPageTest"/>
</testsuite> <!-- QLM Audit Test Case3 -->
