<?xml version="1.0" encoding="UTF-8"?>
<!-- Generated by org.testng.reporters.JUnitXMLReporter -->
<testsuite hostname="IN-GTC-1402" ignored="0" name="QLM Audit Test Case1" tests="2" failures="0" timestamp="27 Feb 2020 11:21:24 GMT" time="148.111" errors="0">
  <testcase name="validatAuditCreatePageTitleTest" time="0.018" classname="com.qlm.qa.testcases.AuditCreatePageTest"/>
  <testcase name="validateAuditCreate" time="48.029" classname="com.qlm.qa.testcases.AuditCreatePageTest"/>
</testsuite> <!-- QLM Audit Test Case1 -->
