<?xml version="1.0" encoding="UTF-8"?>
<!-- Generated by org.testng.reporters.JUnitXMLReporter -->
<testsuite hostname="IN-GTC-1402" ignored="0" name="Default test" tests="3" failures="0" timestamp="14 Nov 2019 13:35:47 GMT" time="83.278" errors="0">
  <testcase name="homePageTitleTest" time="0.015" classname="com.qlm.qa.testcases.HomePageTest"/>
  <testcase name="verifyUserNameTest" time="0.031" classname="com.qlm.qa.testcases.HomePageTest"/>
  <testcase name="clickOnPPAPTemplateTest" time="2.389" classname="com.qlm.qa.testcases.HomePageTest"/>
</testsuite> <!-- Default test -->
