<?xml version="1.0" encoding="UTF-8"?>
<!-- Generated by org.testng.reporters.JUnitXMLReporter -->
<testsuite hostname="IN-GTC-1402" ignored="0" name="Default test" tests="3" failures="0" timestamp="22 Nov 2019 11:29:32 GMT" time="131.401" errors="0">
  <testcase name="validatePPAPSubmit" time="36.274" classname="com.qlm.qa.testcases.PPAPAmendPageTest"/>
  <testcase name="validatePPAPReview" time="34.221" classname="com.qlm.qa.testcases.PPAPAmendPageTest"/>
  <testcase name="validatePPAPApprove" time="32.776" classname="com.qlm.qa.testcases.PPAPAmendPageTest"/>
</testsuite> <!-- Default test -->
