<?xml version="1.0" encoding="UTF-8"?>
<testng-results skipped="0" failed="0" ignored="0" total="3" passed="3">
  <reporter-output>
  </reporter-output>
  <suite name="Default suite" duration-ms="83278" started-at="2019-11-14T13:34:24Z" finished-at="2019-11-14T13:35:47Z">
    <groups>
    </groups>
    <test name="Default test" duration-ms="83278" started-at="2019-11-14T13:34:24Z" finished-at="2019-11-14T13:35:47Z">
      <class name="com.qlm.qa.testcases.HomePageTest">
        <test-method status="PASS" signature="setup()[pri:0, instance:com.qlm.qa.testcases.HomePageTest@53b32d7]" name="setup" is-config="true" duration-ms="26777" started-at="2019-11-14T19:04:24Z" finished-at="2019-11-14T19:04:50Z">
          <reporter-output>
          </reporter-output>
        </test-method> <!-- setup -->
        <test-method status="PASS" signature="homePageTitleTest()[pri:1, instance:com.qlm.qa.testcases.HomePageTest@53b32d7]" name="homePageTitleTest" duration-ms="15" started-at="2019-11-14T19:04:50Z" finished-at="2019-11-14T19:04:50Z">
          <reporter-output>
          </reporter-output>
        </test-method> <!-- homePageTitleTest -->
        <test-method status="PASS" signature="tearDown()[pri:0, instance:com.qlm.qa.testcases.HomePageTest@53b32d7]" name="tearDown" is-config="true" duration-ms="966" started-at="2019-11-14T19:04:50Z" finished-at="2019-11-14T19:04:51Z">
          <reporter-output>
          </reporter-output>
        </test-method> <!-- tearDown -->
        <test-method status="PASS" signature="setup()[pri:0, instance:com.qlm.qa.testcases.HomePageTest@53b32d7]" name="setup" is-config="true" duration-ms="25797" started-at="2019-11-14T19:04:51Z" finished-at="2019-11-14T19:05:17Z">
          <reporter-output>
          </reporter-output>
        </test-method> <!-- setup -->
        <test-method status="PASS" signature="verifyUserNameTest()[pri:2, instance:com.qlm.qa.testcases.HomePageTest@53b32d7]" name="verifyUserNameTest" duration-ms="31" started-at="2019-11-14T19:05:17Z" finished-at="2019-11-14T19:05:17Z">
          <reporter-output>
          </reporter-output>
        </test-method> <!-- verifyUserNameTest -->
        <test-method status="PASS" signature="tearDown()[pri:0, instance:com.qlm.qa.testcases.HomePageTest@53b32d7]" name="tearDown" is-config="true" duration-ms="844" started-at="2019-11-14T19:05:17Z" finished-at="2019-11-14T19:05:18Z">
          <reporter-output>
          </reporter-output>
        </test-method> <!-- tearDown -->
        <test-method status="PASS" signature="setup()[pri:0, instance:com.qlm.qa.testcases.HomePageTest@53b32d7]" name="setup" is-config="true" duration-ms="25517" started-at="2019-11-14T19:05:18Z" finished-at="2019-11-14T19:05:44Z">
          <reporter-output>
          </reporter-output>
        </test-method> <!-- setup -->
        <test-method status="PASS" signature="clickOnPPAPTemplateTest()[pri:3, instance:com.qlm.qa.testcases.HomePageTest@53b32d7]" name="clickOnPPAPTemplateTest" duration-ms="2389" started-at="2019-11-14T19:05:44Z" finished-at="2019-11-14T19:05:46Z">
          <reporter-output>
          </reporter-output>
        </test-method> <!-- clickOnPPAPTemplateTest -->
        <test-method status="PASS" signature="tearDown()[pri:0, instance:com.qlm.qa.testcases.HomePageTest@53b32d7]" name="tearDown" is-config="true" duration-ms="922" started-at="2019-11-14T19:05:46Z" finished-at="2019-11-14T19:05:47Z">
          <reporter-output>
          </reporter-output>
        </test-method> <!-- tearDown -->
      </class> <!-- com.qlm.qa.testcases.HomePageTest -->
    </test> <!-- Default test -->
  </suite> <!-- Default suite -->
</testng-results>
