<?xml version="1.0" encoding="UTF-8"?>
<testng-results skipped="0" failed="0" ignored="0" total="6" passed="6">
  <reporter-output>
  </reporter-output>
  <suite name="QLM Application Automation Test Suite" duration-ms="128500" started-at="2019-11-22T14:13:26Z" finished-at="2019-11-22T14:15:35Z">
    <groups>
    </groups>
    <test name="QLM Application Test Cases" duration-ms="128500" started-at="2019-11-22T14:13:26Z" finished-at="2019-11-22T14:15:35Z">
      <class name="com.qlm.qa.testcases.HomePageTest">
        <test-method status="PASS" signature="setup()[pri:0, instance:com.qlm.qa.testcases.HomePageTest@548e7350]" name="setup" is-config="true" duration-ms="24100" started-at="2019-11-22T19:43:37Z" finished-at="2019-11-22T19:44:01Z">
          <reporter-output>
          </reporter-output>
        </test-method> <!-- setup -->
        <test-method status="PASS" signature="homePageTitleTest()[pri:1, instance:com.qlm.qa.testcases.HomePageTest@548e7350]" name="homePageTitleTest" duration-ms="10" started-at="2019-11-22T19:44:01Z" finished-at="2019-11-22T19:44:01Z">
          <reporter-output>
          </reporter-output>
        </test-method> <!-- homePageTitleTest -->
        <test-method status="PASS" signature="tearDown()[pri:0, instance:com.qlm.qa.testcases.HomePageTest@548e7350]" name="tearDown" is-config="true" duration-ms="1526" started-at="2019-11-22T19:44:01Z" finished-at="2019-11-22T19:44:02Z">
          <reporter-output>
          </reporter-output>
        </test-method> <!-- tearDown -->
        <test-method status="PASS" signature="setup()[pri:0, instance:com.qlm.qa.testcases.HomePageTest@548e7350]" name="setup" is-config="true" duration-ms="23821" started-at="2019-11-22T19:44:11Z" finished-at="2019-11-22T19:44:35Z">
          <reporter-output>
          </reporter-output>
        </test-method> <!-- setup -->
        <test-method status="PASS" signature="verifyUserNameTest()[pri:2, instance:com.qlm.qa.testcases.HomePageTest@548e7350]" name="verifyUserNameTest" duration-ms="33" started-at="2019-11-22T19:44:35Z" finished-at="2019-11-22T19:44:35Z">
          <reporter-output>
          </reporter-output>
        </test-method> <!-- verifyUserNameTest -->
        <test-method status="PASS" signature="tearDown()[pri:0, instance:com.qlm.qa.testcases.HomePageTest@548e7350]" name="tearDown" is-config="true" duration-ms="917" started-at="2019-11-22T19:44:35Z" finished-at="2019-11-22T19:44:36Z">
          <reporter-output>
          </reporter-output>
        </test-method> <!-- tearDown -->
        <test-method status="PASS" signature="setup()[pri:0, instance:com.qlm.qa.testcases.HomePageTest@548e7350]" name="setup" is-config="true" duration-ms="25757" started-at="2019-11-22T19:45:01Z" finished-at="2019-11-22T19:45:27Z">
          <reporter-output>
          </reporter-output>
        </test-method> <!-- setup -->
        <test-method status="PASS" signature="clickOnPPAPTemplateTest()[pri:3, instance:com.qlm.qa.testcases.HomePageTest@548e7350]" name="clickOnPPAPTemplateTest" duration-ms="6782" started-at="2019-11-22T19:45:27Z" finished-at="2019-11-22T19:45:34Z">
          <reporter-output>
          </reporter-output>
        </test-method> <!-- clickOnPPAPTemplateTest -->
        <test-method status="PASS" signature="tearDown()[pri:0, instance:com.qlm.qa.testcases.HomePageTest@548e7350]" name="tearDown" is-config="true" duration-ms="1113" started-at="2019-11-22T19:45:34Z" finished-at="2019-11-22T19:45:35Z">
          <reporter-output>
          </reporter-output>
        </test-method> <!-- tearDown -->
      </class> <!-- com.qlm.qa.testcases.HomePageTest -->
      <class name="com.qlm.qa.testcases.LoginPageTest">
        <test-method status="PASS" signature="setup()[pri:0, instance:com.qlm.qa.testcases.LoginPageTest@5442a311]" name="setup" is-config="true" duration-ms="9477" started-at="2019-11-22T19:43:26Z" finished-at="2019-11-22T19:43:36Z">
          <reporter-output>
          </reporter-output>
        </test-method> <!-- setup -->
        <test-method status="PASS" signature="loginPageTitleTest()[pri:1, instance:com.qlm.qa.testcases.LoginPageTest@5442a311]" name="loginPageTitleTest" duration-ms="23" started-at="2019-11-22T19:43:36Z" finished-at="2019-11-22T19:43:36Z">
          <reporter-output>
          </reporter-output>
        </test-method> <!-- loginPageTitleTest -->
        <test-method status="PASS" signature="tearDown()[pri:0, instance:com.qlm.qa.testcases.LoginPageTest@5442a311]" name="tearDown" is-config="true" duration-ms="910" started-at="2019-11-22T19:43:36Z" finished-at="2019-11-22T19:43:37Z">
          <reporter-output>
          </reporter-output>
        </test-method> <!-- tearDown -->
        <test-method status="PASS" signature="setup()[pri:0, instance:com.qlm.qa.testcases.LoginPageTest@5442a311]" name="setup" is-config="true" duration-ms="7800" started-at="2019-11-22T19:44:02Z" finished-at="2019-11-22T19:44:10Z">
          <reporter-output>
          </reporter-output>
        </test-method> <!-- setup -->
        <test-method status="PASS" signature="empowerLogoTest()[pri:2, instance:com.qlm.qa.testcases.LoginPageTest@5442a311]" name="empowerLogoTest" duration-ms="39" started-at="2019-11-22T19:44:10Z" finished-at="2019-11-22T19:44:10Z">
          <reporter-output>
          </reporter-output>
        </test-method> <!-- empowerLogoTest -->
        <test-method status="PASS" signature="tearDown()[pri:0, instance:com.qlm.qa.testcases.LoginPageTest@5442a311]" name="tearDown" is-config="true" duration-ms="793" started-at="2019-11-22T19:44:10Z" finished-at="2019-11-22T19:44:11Z">
          <reporter-output>
          </reporter-output>
        </test-method> <!-- tearDown -->
        <test-method status="PASS" signature="setup()[pri:0, instance:com.qlm.qa.testcases.LoginPageTest@5442a311]" name="setup" is-config="true" duration-ms="8094" started-at="2019-11-22T19:44:36Z" finished-at="2019-11-22T19:44:44Z">
          <reporter-output>
          </reporter-output>
        </test-method> <!-- setup -->
        <test-method status="PASS" signature="loginTest()[pri:3, instance:com.qlm.qa.testcases.LoginPageTest@5442a311]" name="loginTest" duration-ms="16411" started-at="2019-11-22T19:44:44Z" finished-at="2019-11-22T19:45:00Z">
          <reporter-output>
          </reporter-output>
        </test-method> <!-- loginTest -->
        <test-method status="PASS" signature="tearDown()[pri:0, instance:com.qlm.qa.testcases.LoginPageTest@5442a311]" name="tearDown" is-config="true" duration-ms="871" started-at="2019-11-22T19:45:00Z" finished-at="2019-11-22T19:45:01Z">
          <reporter-output>
          </reporter-output>
        </test-method> <!-- tearDown -->
      </class> <!-- com.qlm.qa.testcases.LoginPageTest -->
    </test> <!-- QLM Application Test Cases -->
  </suite> <!-- QLM Application Automation Test Suite -->
</testng-results>
